INFO  11:50:32 Application started. Press Ctrl+C to shut down.
INFO  11:50:32 Application started. Press Ctrl+C to shut down.
INFO  11:50:32 Hosting environment: Development
INFO  11:50:32 Hosting environment: Development
INFO  11:50:32 Content root path: C:\Users\Sujoy Basak\source\repos\MFPE\Microservices\AuthorizationService
INFO  11:50:32 Content root path: C:\Users\Sujoy Basak\source\repos\MFPE\Microservices\AuthorizationService
INFO  11:50:51  Http Post request
INFO  11:57:17 Application started. Press Ctrl+C to shut down.
INFO  11:57:17 Application started. Press Ctrl+C to shut down.
INFO  11:57:17 Hosting environment: Development
INFO  11:57:17 Hosting environment: Development
INFO  11:57:17 Content root path: C:\Users\Sujoy Basak\source\repos\MFPE\Microservices\AuthorizationService
INFO  11:57:17 Content root path: C:\Users\Sujoy Basak\source\repos\MFPE\Microservices\AuthorizationService
INFO  11:57:32  Http Post request
INFO  11:57:39  Http Post request
INFO  11:57:45  Http Post request
INFO  11:58:05  Http Post request
INFO  12:01:49 Application started. Press Ctrl+C to shut down.
INFO  12:01:49 Application started. Press Ctrl+C to shut down.
INFO  12:01:49 Hosting environment: Development
INFO  12:01:49 Hosting environment: Development
INFO  12:01:49 Content root path: C:\Users\Sujoy Basak\source\repos\MFPE\Microservices\AuthorizationService
INFO  12:01:49 Content root path: C:\Users\Sujoy Basak\source\repos\MFPE\Microservices\AuthorizationService
INFO  12:02:07  Http Post request
INFO  12:02:25  Http Post request
INFO  12:06:45 Application started. Press Ctrl+C to shut down.
INFO  12:06:45 Application started. Press Ctrl+C to shut down.
INFO  12:06:45 Hosting environment: Development
INFO  12:06:45 Hosting environment: Development
INFO  12:06:45 Content root path: C:\Users\Sujoy Basak\source\repos\MFPE\Microservices\AuthorizationService
INFO  12:06:45 Content root path: C:\Users\Sujoy Basak\source\repos\MFPE\Microservices\AuthorizationService
INFO  03:45:27 Application started. Press Ctrl+C to shut down.
INFO  03:45:27 Application started. Press Ctrl+C to shut down.
INFO  03:45:27 Hosting environment: Development
INFO  03:45:27 Hosting environment: Development
INFO  03:45:27 Content root path: C:\Users\Sujoy Basak\source\repos\MFPE\Microservices\AuthorizationService
INFO  03:45:27 Content root path: C:\Users\Sujoy Basak\source\repos\MFPE\Microservices\AuthorizationService
INFO  03:45:52  Http Post request
INFO  03:45:59  Http Post request
INFO  03:47:41 Application started. Press Ctrl+C to shut down.
INFO  03:47:41 Application started. Press Ctrl+C to shut down.
INFO  03:47:41 Hosting environment: Development
INFO  03:47:41 Hosting environment: Development
INFO  03:47:41 Content root path: C:\Users\Sujoy Basak\source\repos\MFPE\Microservices\AuthorizationService
INFO  03:47:41 Content root path: C:\Users\Sujoy Basak\source\repos\MFPE\Microservices\AuthorizationService
INFO  03:48:01  Http Post request
INFO  03:48:10  Http Post request
INFO  03:58:24 Application started. Press Ctrl+C to shut down.
INFO  03:58:24 Application started. Press Ctrl+C to shut down.
INFO  03:58:24 Hosting environment: Development
INFO  03:58:24 Hosting environment: Development
INFO  03:58:24 Content root path: C:\Users\Sujoy Basak\source\repos\MFPE\Microservices\AuthorizationService
INFO  03:58:24 Content root path: C:\Users\Sujoy Basak\source\repos\MFPE\Microservices\AuthorizationService
INFO  03:58:41  Http Post request
INFO  04:26:27 Application started. Press Ctrl+C to shut down.
INFO  04:26:27 Application started. Press Ctrl+C to shut down.
INFO  04:26:27 Hosting environment: Development
INFO  04:26:27 Hosting environment: Development
INFO  04:26:27 Content root path: C:\Users\Sujoy Basak\source\repos\MFPE\Microservices\AuthorizationService
INFO  04:26:27 Content root path: C:\Users\Sujoy Basak\source\repos\MFPE\Microservices\AuthorizationService
INFO  04:27:22  Http Post request
INFO  04:27:30  Http Post request
INFO  04:31:30 Application started. Press Ctrl+C to shut down.
INFO  04:31:30 Application started. Press Ctrl+C to shut down.
INFO  04:31:30 Hosting environment: Development
INFO  04:31:30 Hosting environment: Development
INFO  04:31:30 Content root path: C:\Users\Sujoy Basak\source\repos\MFPE\Microservices\AuthorizationService
INFO  04:31:30 Content root path: C:\Users\Sujoy Basak\source\repos\MFPE\Microservices\AuthorizationService
INFO  04:31:57  Http Post request
INFO  05:48:05 Application started. Press Ctrl+C to shut down.
INFO  05:48:05 Application started. Press Ctrl+C to shut down.
INFO  05:48:05 Hosting environment: Development
INFO  05:48:05 Hosting environment: Development
INFO  05:48:05 Content root path: C:\Users\Sujoy Basak\source\repos\MFPE\Microservices\AuthorizationService
INFO  05:48:05 Content root path: C:\Users\Sujoy Basak\source\repos\MFPE\Microservices\AuthorizationService
INFO  05:55:23  Http Post request
INFO  08:35:25 Application started. Press Ctrl+C to shut down.
INFO  08:35:25 Application started. Press Ctrl+C to shut down.
INFO  08:35:25 Hosting environment: Development
INFO  08:35:25 Hosting environment: Development
INFO  08:35:25 Content root path: C:\Users\Sujoy Basak\source\repos\MFPE\Microservices\AuthorizationService
INFO  08:35:25 Content root path: C:\Users\Sujoy Basak\source\repos\MFPE\Microservices\AuthorizationService
INFO  08:36:00  Http Post request
INFO  08:41:02 Application started. Press Ctrl+C to shut down.
INFO  08:41:02 Application started. Press Ctrl+C to shut down.
INFO  08:41:02 Hosting environment: Development
INFO  08:41:02 Hosting environment: Development
INFO  08:41:02 Content root path: C:\Users\Sujoy Basak\source\repos\MFPE\Microservices\AuthorizationService
INFO  08:41:02 Content root path: C:\Users\Sujoy Basak\source\repos\MFPE\Microservices\AuthorizationService
INFO  08:41:21  Http Post request
INFO  08:44:08  Http Post request
INFO  08:44:11  Http Post request
INFO  08:46:03  Http Post request
INFO  08:50:36  Http Post request
INFO  08:50:40  Http Post request
INFO  08:50:59  Http Post request
INFO  08:51:10  Http Post request
INFO  08:52:37 Application started. Press Ctrl+C to shut down.
INFO  08:52:37 Application started. Press Ctrl+C to shut down.
INFO  08:52:37 Hosting environment: Development
INFO  08:52:37 Hosting environment: Development
INFO  08:52:37 Content root path: C:\Users\Sujoy Basak\source\repos\MFPE\Microservices\AuthorizationService
INFO  08:52:37 Content root path: C:\Users\Sujoy Basak\source\repos\MFPE\Microservices\AuthorizationService
INFO  08:53:05  Http Post request
INFO  08:55:18  Http Post request
INFO  08:55:22  Http Post request
INFO  08:56:42 Application started. Press Ctrl+C to shut down.
INFO  08:56:42 Application started. Press Ctrl+C to shut down.
INFO  08:56:42 Hosting environment: Development
INFO  08:56:42 Hosting environment: Development
INFO  08:56:42 Content root path: C:\Users\Sujoy Basak\source\repos\MFPE\Microservices\AuthorizationService
INFO  08:56:42 Content root path: C:\Users\Sujoy Basak\source\repos\MFPE\Microservices\AuthorizationService
INFO  08:57:31  Http Post request
INFO  09:00:49 Application started. Press Ctrl+C to shut down.
INFO  09:00:49 Application started. Press Ctrl+C to shut down.
INFO  09:00:49 Hosting environment: Development
INFO  09:00:49 Hosting environment: Development
INFO  09:00:49 Content root path: C:\Users\Sujoy Basak\source\repos\MFPE\Microservices\AuthorizationService
INFO  09:00:49 Content root path: C:\Users\Sujoy Basak\source\repos\MFPE\Microservices\AuthorizationService
INFO  09:01:22  Http Post request
INFO  09:06:59 Application started. Press Ctrl+C to shut down.
INFO  09:06:59 Application started. Press Ctrl+C to shut down.
INFO  09:06:59 Hosting environment: Development
INFO  09:06:59 Hosting environment: Development
INFO  09:06:59 Content root path: C:\Users\Sujoy Basak\source\repos\MFPE\Microservices\AuthorizationService
INFO  09:06:59 Content root path: C:\Users\Sujoy Basak\source\repos\MFPE\Microservices\AuthorizationService
INFO  09:07:56  Http Post request
INFO  09:09:30  Http Post request
INFO  09:20:51 Application started. Press Ctrl+C to shut down.
INFO  09:20:51 Application started. Press Ctrl+C to shut down.
INFO  09:20:51 Hosting environment: Development
INFO  09:20:51 Hosting environment: Development
INFO  09:20:51 Content root path: C:\Users\Sujoy Basak\source\repos\MFPE\Microservices\AuthorizationService
INFO  09:20:51 Content root path: C:\Users\Sujoy Basak\source\repos\MFPE\Microservices\AuthorizationService
INFO  09:21:20  Http Post request
INFO  08:58:33 Application started. Press Ctrl+C to shut down.
INFO  08:58:33 Application started. Press Ctrl+C to shut down.
INFO  08:58:33 Hosting environment: Development
INFO  08:58:33 Hosting environment: Development
INFO  08:58:33 Content root path: C:\Users\Sujoy Basak\source\repos\MFPE\Microservices\AuthorizationService
INFO  08:58:33 Content root path: C:\Users\Sujoy Basak\source\repos\MFPE\Microservices\AuthorizationService
INFO  08:59:02  Http Post request
INFO  08:59:34  Http Post request
INFO  09:02:29 Application started. Press Ctrl+C to shut down.
INFO  09:02:29 Application started. Press Ctrl+C to shut down.
INFO  09:02:29 Hosting environment: Development
INFO  09:02:29 Hosting environment: Development
INFO  09:02:29 Content root path: C:\Users\Sujoy Basak\source\repos\MFPE\Microservices\AuthorizationService
INFO  09:02:29 Content root path: C:\Users\Sujoy Basak\source\repos\MFPE\Microservices\AuthorizationService
INFO  09:02:44  Http Post request
INFO  09:02:49  Http Post request
ERROR 09:02:50 Exception Occured The best overloaded method match for 'AuthorizationService.Provider.AuthProvider.GenerateJSONWebToken(AuthorizationService.Authenticate, Microsoft.Extensions.Configuration.IConfiguration)' has some invalid arguments
